Determining if the pthread_create exist failed with the following output:
Change Dir: /media/muhammed/Shared/Work/CSED 19/C/3rd Year/Operating System/Matrix-Multiplication-Threads/cmake-build-debug/CMakeFiles/CMakeTmp

Run Build Command:"/usr/bin/make" "cmTC_3310a/fast"
make[1]: Entering directory '/media/muhammed/Shared/Work/CSED 19/C/3rd Year/Operating System/Matrix-Multiplication-Threads/cmake-build-debug/CMakeFiles/CMakeTmp'
/usr/bin/make -f CMakeFiles/cmTC_3310a.dir/build.make CMakeFiles/cmTC_3310a.dir/build
make[2]: Entering directory '/media/muhammed/Shared/Work/CSED 19/C/3rd Year/Operating System/Matrix-Multiplication-Threads/cmake-build-debug/CMakeFiles/CMakeTmp'
Building C object CMakeFiles/cmTC_3310a.dir/CheckSymbolExists.c.o
/usr/bin/cc   -std=gnu99 -o CMakeFiles/cmTC_3310a.dir/CheckSymbolExists.c.o   -c "/media/muhammed/Shared/Work/CSED 19/C/3rd Year/Operating System/Matrix-Multiplication-Threads/cmake-build-debug/CMakeFiles/CMakeTmp/CheckSymbolExists.c"
Linking C executable cmTC_3310a
/opt/clion-2017.2.3/bin/cmake/bin/cmake -E cmake_link_script CMakeFiles/cmTC_3310a.dir/link.txt --verbose=1
/usr/bin/cc      CMakeFiles/cmTC_3310a.dir/CheckSymbolExists.c.o  -o cmTC_3310a 
CMakeFiles/cmTC_3310a.dir/CheckSymbolExists.c.o: In function `main':
CheckSymbolExists.c:(.text+0x16): undefined reference to `pthread_create'
collect2: error: ld returned 1 exit status
CMakeFiles/cmTC_3310a.dir/build.make:97: recipe for target 'cmTC_3310a' failed
make[2]: *** [cmTC_3310a] Error 1
make[2]: Leaving directory '/media/muhammed/Shared/Work/CSED 19/C/3rd Year/Operating System/Matrix-Multiplication-Threads/cmake-build-debug/CMakeFiles/CMakeTmp'
Makefile:126: recipe for target 'cmTC_3310a/fast' failed
make[1]: *** [cmTC_3310a/fast] Error 2
make[1]: Leaving directory '/media/muhammed/Shared/Work/CSED 19/C/3rd Year/Operating System/Matrix-Multiplication-Threads/cmake-build-debug/CMakeFiles/CMakeTmp'

File /media/muhammed/Shared/Work/CSED 19/C/3rd Year/Operating System/Matrix-Multiplication-Threads/cmake-build-debug/CMakeFiles/CMakeTmp/CheckSymbolExists.c:
/* */
#include <pthread.h>

int main(int argc, char** argv)
{
  (void)argv;
#ifndef pthread_create
  return ((int*)(&pthread_create))[argc];
#else
  (void)argc;
  return 0;
#endif
}

Determining if the function pthread_create exists in the pthreads failed with the following output:
Change Dir: /media/muhammed/Shared/Work/CSED 19/C/3rd Year/Operating System/Matrix-Multiplication-Threads/cmake-build-debug/CMakeFiles/CMakeTmp

Run Build Command:"/usr/bin/make" "cmTC_83474/fast"
make[1]: Entering directory '/media/muhammed/Shared/Work/CSED 19/C/3rd Year/Operating System/Matrix-Multiplication-Threads/cmake-build-debug/CMakeFiles/CMakeTmp'
/usr/bin/make -f CMakeFiles/cmTC_83474.dir/build.make CMakeFiles/cmTC_83474.dir/build
make[2]: Entering directory '/media/muhammed/Shared/Work/CSED 19/C/3rd Year/Operating System/Matrix-Multiplication-Threads/cmake-build-debug/CMakeFiles/CMakeTmp'
Building C object CMakeFiles/cmTC_83474.dir/CheckFunctionExists.c.o
/usr/bin/cc   -DCHECK_FUNCTION_EXISTS=pthread_create   -std=gnu99 -o CMakeFiles/cmTC_83474.dir/CheckFunctionExists.c.o   -c /opt/clion-2017.2.3/bin/cmake/share/cmake-3.8/Modules/CheckFunctionExists.c
Linking C executable cmTC_83474
/opt/clion-2017.2.3/bin/cmake/bin/cmake -E cmake_link_script CMakeFiles/cmTC_83474.dir/link.txt --verbose=1
/usr/bin/cc  -DCHECK_FUNCTION_EXISTS=pthread_create    CMakeFiles/cmTC_83474.dir/CheckFunctionExists.c.o  -o cmTC_83474 -lpthreads 
/usr/bin/ld: cannot find -lpthreads
collect2: error: ld returned 1 exit status
CMakeFiles/cmTC_83474.dir/build.make:97: recipe for target 'cmTC_83474' failed
make[2]: *** [cmTC_83474] Error 1
make[2]: Leaving directory '/media/muhammed/Shared/Work/CSED 19/C/3rd Year/Operating System/Matrix-Multiplication-Threads/cmake-build-debug/CMakeFiles/CMakeTmp'
Makefile:126: recipe for target 'cmTC_83474/fast' failed
make[1]: *** [cmTC_83474/fast] Error 2
make[1]: Leaving directory '/media/muhammed/Shared/Work/CSED 19/C/3rd Year/Operating System/Matrix-Multiplication-Threads/cmake-build-debug/CMakeFiles/CMakeTmp'


